<?xml version="1.0" encoding="UTF-8"?>
<testng-results ignored="0" total="1" passed="1" failed="0" skipped="0">
  <reporter-output>
  </reporter-output>
  <suite started-at="2022-03-18T19:31:44 IST" name="Default suite" finished-at="2022-03-18T19:31:57 IST" duration-ms="12763">
    <groups>
    </groups>
    <test started-at="2022-03-18T19:31:44 IST" name="Default test" finished-at="2022-03-18T19:31:57 IST" duration-ms="12763">
      <class name="com.nopcommerce.TestCase.Tc_LoginTest_001">
        <test-method is-config="true" signature="setup()[pri:0, instance:com.nopcommerce.TestCase.Tc_LoginTest_001@235834f2]" started-at="2022-03-18T19:31:44 IST" name="setup" finished-at="2022-03-18T19:31:46 IST" duration-ms="2158" status="PASS">
          <reporter-output>
          </reporter-output>
        </test-method> <!-- setup -->
        <test-method signature="Login()[pri:0, instance:com.nopcommerce.TestCase.Tc_LoginTest_001@235834f2]" started-at="2022-03-18T19:31:46 IST" name="Login" finished-at="2022-03-18T19:31:56 IST" duration-ms="10113" status="PASS">
          <reporter-output>
          </reporter-output>
        </test-method> <!-- Login -->
        <test-method is-config="true" signature="tearDown()[pri:0, instance:com.nopcommerce.TestCase.Tc_LoginTest_001@235834f2]" started-at="2022-03-18T19:31:56 IST" name="tearDown" finished-at="2022-03-18T19:31:57 IST" duration-ms="445" status="PASS">
          <reporter-output>
          </reporter-output>
        </test-method> <!-- tearDown -->
      </class> <!-- com.nopcommerce.TestCase.Tc_LoginTest_001 -->
    </test> <!-- Default test -->
  </suite> <!-- Default suite -->
</testng-results>
